[error] java.lang.IllegalArgumentException: Cannot add dependency 'org.scalatest#scalatest_2.12;3.3.0-SNAP3' to configuration 'Test' of module common#common_2.12;0.1.0-SNAPSHOT because this configuration doesn't exist!
[error] 	at org.apache.ivy.core.module.descriptor.DefaultDependencyDescriptor.addDependencyConfiguration(DefaultDependencyDescriptor.java:567)
[error] 	at org.apache.ivy.plugins.parser.AbstractModuleDescriptorParser$AbstractParser.parseDepsConfs(AbstractModuleDescriptorParser.java:157)
[error] 	at org.apache.ivy.plugins.parser.AbstractModuleDescriptorParser$AbstractParser.parseDepsConfs(AbstractModuleDescriptorParser.java:128)
[error] 	at org.apache.ivy.plugins.parser.AbstractModuleDescriptorParser$AbstractParser.parseDepsConfs(AbstractModuleDescriptorParser.java:118)
[error] 	at org.apache.ivy.plugins.parser.AbstractModuleDescriptorParser$AbstractParser.parseDepsConfs(AbstractModuleDescriptorParser.java:113)
[error] 	at sbt.internal.librarymanagement.CustomXmlParser$CustomParser.parseDepsConfs(CustomXmlParser.scala:36)
[error] 	at sbt.internal.librarymanagement.IvySbt$.convertDependency(Ivy.scala:940)
[error] 	at sbt.internal.librarymanagement.IvySbt$.$anonfun$addDependencies$1(Ivy.scala:877)
[error] 	at scala.collection.TraversableLike.$anonfun$map$1(TraversableLike.scala:286)
[error] 	at scala.collection.Iterator.foreach(Iterator.scala:943)
[error] 	at scala.collection.Iterator.foreach$(Iterator.scala:943)
[error] 	at scala.collection.AbstractIterator.foreach(Iterator.scala:1431)
[error] 	at scala.collection.IterableLike.foreach(IterableLike.scala:74)
[error] 	at scala.collection.IterableLike.foreach$(IterableLike.scala:73)
[error] 	at scala.collection.AbstractIterable.foreach(Iterable.scala:56)
[error] 	at scala.collection.TraversableLike.map(TraversableLike.scala:286)
[error] 	at scala.collection.TraversableLike.map$(TraversableLike.scala:279)
[error] 	at scala.collection.AbstractTraversable.map(Traversable.scala:108)
[error] 	at sbt.internal.librarymanagement.IvySbt$.addDependencies(Ivy.scala:876)
[error] 	at sbt.internal.librarymanagement.IvySbt$Module.configureInline(Ivy.scala:301)
[error] 	at sbt.internal.librarymanagement.IvySbt$Module.x$7$lzycompute(Ivy.scala:265)
[error] 	at sbt.internal.librarymanagement.IvySbt$Module.x$7(Ivy.scala:262)
[error] 	at sbt.internal.librarymanagement.IvySbt$Module.moduleDescriptor0$lzycompute(Ivy.scala:262)
[error] 	at sbt.internal.librarymanagement.IvySbt$Module.moduleDescriptor0(Ivy.scala:262)
[error] 	at sbt.internal.librarymanagement.IvySbt$Module.$anonfun$withModule$1(Ivy.scala:251)
[error] 	at sbt.internal.librarymanagement.IvySbt.$anonfun$withIvy$1(Ivy.scala:215)
[error] 	at sbt.internal.librarymanagement.IvySbt.sbt$internal$librarymanagement$IvySbt$$action$1(Ivy.scala:77)
[error] 	at sbt.internal.librarymanagement.IvySbt$$anon$1.call(Ivy.scala:87)
[error] 	at xsbt.boot.Locks$GlobalLock.withChannel$1(Locks.scala:113)
[error] 	at xsbt.boot.Locks$GlobalLock.withChannelRetries$1(Locks.scala:91)
[error] 	at xsbt.boot.Locks$GlobalLock.$anonfun$withFileLock$1(Locks.scala:119)
[error] 	at xsbt.boot.Using$.withResource(Using.scala:12)
[error] 	at xsbt.boot.Using$.apply(Using.scala:9)
[error] 	at xsbt.boot.Locks$GlobalLock.withFileLock(Locks.scala:119)
[error] 	at xsbt.boot.Locks$GlobalLock.ignoringDeadlockAvoided(Locks.scala:71)
[error] 	at xsbt.boot.Locks$GlobalLock.withLock(Locks.scala:59)
[error] 	at xsbt.boot.Locks$.apply0(Locks.scala:47)
[error] 	at xsbt.boot.Locks$.apply(Locks.scala:36)
[error] 	at sbt.internal.librarymanagement.IvySbt.withDefaultLogger(Ivy.scala:87)
[error] 	at sbt.internal.librarymanagement.IvySbt.withIvy(Ivy.scala:209)
[error] 	at sbt.internal.librarymanagement.IvySbt.withIvy(Ivy.scala:206)
[error] 	at sbt.internal.librarymanagement.IvySbt$Module.withModule(Ivy.scala:250)
[error] 	at sbt.internal.librarymanagement.IvySbt$Module.moduleDescriptor(Ivy.scala:254)
[error] 	at sbt.internal.librarymanagement.IvySbt$Module.dependencyMapping(Ivy.scala:256)
[error] 	at sbt.Classpaths$.$anonfun$depMap$5(Defaults.scala:3859)
[error] 	at scala.collection.immutable.List.map(List.scala:293)
[error] 	at sbt.Classpaths$.$anonfun$depMap$4(Defaults.scala:3859)
[error] 	at scala.Function1.$anonfun$compose$1(Function1.scala:49)
[error] 	at sbt.internal.util.$tilde$greater.$anonfun$$u2219$1(TypeFunctions.scala:62)
[error] 	at sbt.std.Transform$$anon$4.work(Transform.scala:68)
[error] 	at sbt.Execute.$anonfun$submit$2(Execute.scala:282)
[error] 	at sbt.internal.util.ErrorHandling$.wideConvert(ErrorHandling.scala:23)
[error] 	at sbt.Execute.work(Execute.scala:291)
[error] 	at sbt.Execute.$anonfun$submit$1(Execute.scala:282)
[error] 	at sbt.ConcurrentRestrictions$$anon$4.$anonfun$submitValid$1(ConcurrentRestrictions.scala:265)
[error] 	at sbt.CompletionService$$anon$2.call(CompletionService.scala:64)
[error] 	at java.util.concurrent.FutureTask.run(FutureTask.java:266)
[error] 	at java.util.concurrent.Executors$RunnableAdapter.call(Executors.java:511)
[error] 	at java.util.concurrent.FutureTask.run(FutureTask.java:266)
[error] 	at java.util.concurrent.ThreadPoolExecutor.runWorker(ThreadPoolExecutor.java:1149)
[error] 	at java.util.concurrent.ThreadPoolExecutor$Worker.run(ThreadPoolExecutor.java:624)
[error] 	at java.lang.Thread.run(Thread.java:748)
[error] (persistent / projectDescriptors) java.lang.IllegalArgumentException: Cannot add dependency 'org.scalatest#scalatest_2.12;3.3.0-SNAP3' to configuration 'Test' of module common#common_2.12;0.1.0-SNAPSHOT because this configuration doesn't exist!
